# JRE version: OpenJDK Runtime Environment (20.0.2+9) (build 20.0.2+9-78)
# Java VM: OpenJDK 64-Bit Server VM (20.0.2+9-78, mixed mode, sharing, tiered, compressed oops, compressed class ptrs, g1 gc, windows-amd64)
GC Precious Log:
 CardTable entry size: 512
 Card Set container configuration: InlinePtr #cards 5 size 8 Array Of Cards #cards 12 size 40 Howl #buckets 4 coarsen threshold 1843 Howl Bitmap #cards 512 size 80 coarsen threshold 460 Card regions per heap region 1 cards per card region 2048
 CPUs: 4 total, 4 available
 Memory: 3460M
 Large Page Support: Disabled
 NUMA Support: Disabled
 Compressed Oops: Enabled (32-bit)
 Heap Region Size: 1M
 Heap Min Capacity: 8M
 Heap Initial Capacity: 56M
 Heap Max Capacity: 866M
 Pre-touch: Disabled
 Parallel Workers: 4
 Concurrent Workers: 1
 Concurrent Refinement Workers: 4
 Periodic GC: Disabled
Heap:
 garbage-first heap   total 73728K, used 54739K [0x00000000c9e00000, 0x0000000100000000)
  region size 1024K, 24 young (24576K), 1 survivors (1024K)
 Metaspace       used 79644K, committed 80384K, reserved 1179648K
  class space    used 10009K, committed 10368K, reserved 1048576K
GC Heap History (20 events):
Event: 299.043 GC heap before
{Heap before GC invocations=28 (full 0):
 garbage-first heap   total 61440K, used 55829K [0x00000000c9e00000, 0x0000000100000000)
  region size 1024K, 23 young (23552K), 1 survivors (1024K)
 Metaspace       used 78694K, committed 79488K, reserved 1179648K
  class space    used 10005K, committed 10368K, reserved 1048576K
}
Event: 299.069 GC heap after
{Heap after GC invocations=29 (full 0):
 garbage-first heap   total 61440K, used 33745K [0x00000000c9e00000, 0x0000000100000000)
  region size 1024K, 1 young (1024K), 1 survivors (1024K)
 Metaspace       used 78694K, committed 79488K, reserved 1179648K
  class space    used 10005K, committed 10368K, reserved 1048576K
}
Event: 300.759 GC heap before
{Heap before GC invocations=29 (full 0):
 garbage-first heap   total 61440K, used 55249K [0x00000000c9e00000, 0x0000000100000000)
  region size 1024K, 23 young (23552K), 1 survivors (1024K)
 Metaspace       used 78860K, committed 79616K, reserved 1179648K
  class space    used 10006K, committed 10368K, reserved 1048576K
}
Event: 300.764 GC heap after
{Heap after GC invocations=30 (full 0):
 garbage-first heap   total 61440K, used 33744K [0x00000000c9e00000, 0x0000000100000000)
  region size 1024K, 1 young (1024K), 1 survivors (1024K)
 Metaspace       used 78860K, committed 79616K, reserved 1179648K
  class space    used 10006K, committed 10368K, reserved 1048576K
}
Event: 303.301 GC heap before
{Heap before GC invocations=31 (full 0):
 garbage-first heap   total 61440K, used 55248K [0x00000000c9e00000, 0x0000000100000000)
  region size 1024K, 23 young (23552K), 1 survivors (1024K)
 Metaspace       used 79096K, committed 79872K, reserved 1179648K
  class space    used 10007K, committed 10368K, reserved 1048576K
}
Event: 303.314 GC heap after
{Heap after GC invocations=32 (full 0):
 garbage-first heap   total 61440K, used 33762K [0x00000000c9e00000, 0x0000000100000000)
  region size 1024K, 1 young (1024K), 1 survivors (1024K)
 Metaspace       used 79096K, committed 79872K, reserved 1179648K
  class space    used 10007K, committed 10368K, reserved 1048576K
}
Event: 305.322 GC heap before
{Heap before GC invocations=32 (full 0):
 garbage-first heap   total 61440K, used 55266K [0x00000000c9e00000, 0x0000000100000000)
  region size 1024K, 23 young (23552K), 1 survivors (1024K)
 Metaspace       used 79108K, committed 79872K, reserved 1179648K
  class space    used 10007K, committed 10368K, reserved 1048576K
}
Event: 305.331 GC heap after
{Heap after GC invocations=33 (full 0):
 garbage-first heap   total 61440K, used 33389K [0x00000000c9e00000, 0x0000000100000000)
  region size 1024K, 1 young (1024K), 1 survivors (1024K)
 Metaspace       used 79108K, committed 79872K, reserved 1179648K
  class space    used 10007K, committed 10368K, reserved 1048576K
}
Event: 307.557 GC heap before
{Heap before GC invocations=33 (full 0):
 garbage-first heap   total 61440K, used 55917K [0x00000000c9e00000, 0x0000000100000000)
  region size 1024K, 24 young (24576K), 1 survivors (1024K)
 Metaspace       used 79160K, committed 79936K, reserved 1179648K
  class space    used 10007K, committed 10368K, reserved 1048576K
}
Event: 307.574 GC heap after
{Heap after GC invocations=34 (full 0):
 garbage-first heap   total 61440K, used 33472K [0x00000000c9e00000, 0x0000000100000000)
  region size 1024K, 1 young (1024K), 1 survivors (1024K)
 Metaspace       used 79160K, committed 79936K, reserved 1179648K
  class space    used 10007K, committed 10368K, reserved 1048576K
}
Event: 309.825 GC heap before
{Heap before GC invocations=35 (full 0):
 garbage-first heap   total 61440K, used 56000K [0x00000000c9e00000, 0x0000000100000000)
  region size 1024K, 24 young (24576K), 1 survivors (1024K)
 Metaspace       used 79258K, committed 80064K, reserved 1179648K
  class space    used 10007K, committed 10368K, reserved 1048576K
}
Event: 309.829 GC heap after
{Heap after GC invocations=36 (full 0):
 garbage-first heap   total 61440K, used 33425K [0x00000000c9e00000, 0x0000000100000000)
  region size 1024K, 1 young (1024K), 1 survivors (1024K)
 Metaspace       used 79258K, committed 80064K, reserved 1179648K
  class space    used 10007K, committed 10368K, reserved 1048576K
}
Event: 311.684 GC heap before
{Heap before GC invocations=36 (full 0):
 garbage-first heap   total 61440K, used 55953K [0x00000000c9e00000, 0x0000000100000000)
  region size 1024K, 24 young (24576K), 1 survivors (1024K)
 Metaspace       used 79276K, committed 80064K, reserved 1179648K
  class space    used 10007K, committed 10368K, reserved 1048576K
}
Event: 311.693 GC heap after
{Heap after GC invocations=37 (full 0):
 garbage-first heap   total 61440K, used 33273K [0x00000000c9e00000, 0x0000000100000000)
  region size 1024K, 1 young (1024K), 1 survivors (1024K)
 Metaspace       used 79276K, committed 80064K, reserved 1179648K
  class space    used 10007K, committed 10368K, reserved 1048576K
}
Event: 313.471 GC heap before
{Heap before GC invocations=37 (full 0):
 garbage-first heap   total 61440K, used 55801K [0x00000000c9e00000, 0x0000000100000000)
  region size 1024K, 24 young (24576K), 1 survivors (1024K)
 Metaspace       used 79314K, committed 80064K, reserved 1179648K
  class space    used 10008K, committed 10368K, reserved 1048576K
}
Event: 313.478 GC heap after
{Heap after GC invocations=38 (full 0):
 garbage-first heap   total 61440K, used 33296K [0x00000000c9e00000, 0x0000000100000000)
  region size 1024K, 1 young (1024K), 1 survivors (1024K)
 Metaspace       used 79314K, committed 80064K, reserved 1179648K
  class space    used 10008K, committed 10368K, reserved 1048576K
}
Event: 315.984 GC heap before
{Heap before GC invocations=39 (full 0):
 garbage-first heap   total 61440K, used 55824K [0x00000000c9e00000, 0x0000000100000000)
  region size 1024K, 24 young (24576K), 1 survivors (1024K)
 Metaspace       used 79640K, committed 80384K, reserved 1179648K
  class space    used 10009K, committed 10368K, reserved 1048576K
}
Event: 315.995 GC heap after
{Heap after GC invocations=40 (full 0):
 garbage-first heap   total 61440K, used 33317K [0x00000000c9e00000, 0x0000000100000000)
  region size 1024K, 1 young (1024K), 1 survivors (1024K)
 Metaspace       used 79640K, committed 80384K, reserved 1179648K
  class space    used 10009K, committed 10368K, reserved 1048576K
}
Event: 318.212 GC heap before
{Heap before GC invocations=40 (full 0):
 garbage-first heap   total 61440K, used 56869K [0x00000000c9e00000, 0x0000000100000000)
  region size 1024K, 24 young (24576K), 1 survivors (1024K)
 Metaspace       used 79643K, committed 80384K, reserved 1179648K
  class space    used 10009K, committed 10368K, reserved 1048576K
}
Event: 318.226 GC heap after
{Heap after GC invocations=41 (full 0):
 garbage-first heap   total 73728K, used 33235K [0x00000000c9e00000, 0x0000000100000000)
  region size 1024K, 1 young (1024K), 1 survivors (1024K)
 Metaspace       used 79643K, committed 80384K, reserved 1179648K
  class space    used 10009K, committed 10368K, reserved 1048576K
}

