# JRE version: OpenJDK Runtime Environment (20.0.2+9) (build 20.0.2+9-78)
# Java VM: OpenJDK 64-Bit Server VM (20.0.2+9-78, mixed mode, sharing, tiered, compressed oops, compressed class ptrs, g1 gc, windows-amd64)
GC Precious Log:
 CardTable entry size: 512
 Card Set container configuration: InlinePtr #cards 5 size 8 Array Of Cards #cards 12 size 40 Howl #buckets 4 coarsen threshold 1843 Howl Bitmap #cards 512 size 80 coarsen threshold 460 Card regions per heap region 1 cards per card region 2048
 CPUs: 4 total, 4 available
 Memory: 3460M
 Large Page Support: Disabled
 NUMA Support: Disabled
 Compressed Oops: Enabled (32-bit)
 Heap Region Size: 1M
 Heap Min Capacity: 8M
 Heap Initial Capacity: 56M
 Heap Max Capacity: 866M
 Pre-touch: Disabled
 Parallel Workers: 4
 Concurrent Workers: 1
 Concurrent Refinement Workers: 4
 Periodic GC: Disabled
Heap:
 garbage-first heap   total 66560K, used 52916K [0x00000000c9e00000, 0x0000000100000000)
  region size 1024K, 22 young (22528K), 2 survivors (2048K)
 Metaspace       used 79818K, committed 80576K, reserved 1179648K
  class space    used 10018K, committed 10368K, reserved 1048576K
GC Heap History (20 events):
Event: 759.321 GC heap before
{Heap before GC invocations=22 (full 0):
 garbage-first heap   total 66560K, used 60045K [0x00000000c9e00000, 0x0000000100000000)
  region size 1024K, 27 young (27648K), 2 survivors (2048K)
 Metaspace       used 78706K, committed 79488K, reserved 1179648K
  class space    used 10016K, committed 10368K, reserved 1048576K
}
Event: 759.325 GC heap after
{Heap after GC invocations=23 (full 0):
 garbage-first heap   total 66560K, used 34348K [0x00000000c9e00000, 0x0000000100000000)
  region size 1024K, 2 young (2048K), 2 survivors (2048K)
 Metaspace       used 78706K, committed 79488K, reserved 1179648K
  class space    used 10016K, committed 10368K, reserved 1048576K
}
Event: 761.606 GC heap before
{Heap before GC invocations=24 (full 0):
 garbage-first heap   total 66560K, used 58924K [0x00000000c9e00000, 0x0000000100000000)
  region size 1024K, 27 young (27648K), 2 survivors (2048K)
 Metaspace       used 78913K, committed 79680K, reserved 1179648K
  class space    used 10016K, committed 10368K, reserved 1048576K
}
Event: 761.612 GC heap after
{Heap after GC invocations=25 (full 0):
 garbage-first heap   total 66560K, used 34330K [0x00000000c9e00000, 0x0000000100000000)
  region size 1024K, 2 young (2048K), 2 survivors (2048K)
 Metaspace       used 78913K, committed 79680K, reserved 1179648K
  class space    used 10016K, committed 10368K, reserved 1048576K
}
Event: 764.028 GC heap before
{Heap before GC invocations=25 (full 0):
 garbage-first heap   total 66560K, used 58906K [0x00000000c9e00000, 0x0000000100000000)
  region size 1024K, 27 young (27648K), 2 survivors (2048K)
 Metaspace       used 79092K, committed 79872K, reserved 1179648K
  class space    used 10016K, committed 10368K, reserved 1048576K
}
Event: 764.050 GC heap after
{Heap after GC invocations=26 (full 0):
 garbage-first heap   total 66560K, used 34031K [0x00000000c9e00000, 0x0000000100000000)
  region size 1024K, 2 young (2048K), 2 survivors (2048K)
 Metaspace       used 79092K, committed 79872K, reserved 1179648K
  class space    used 10016K, committed 10368K, reserved 1048576K
}
Event: 768.364 GC heap before
{Heap before GC invocations=26 (full 0):
 garbage-first heap   total 66560K, used 58607K [0x00000000c9e00000, 0x0000000100000000)
  region size 1024K, 27 young (27648K), 2 survivors (2048K)
 Metaspace       used 79272K, committed 80064K, reserved 1179648K
  class space    used 10016K, committed 10368K, reserved 1048576K
}
Event: 768.393 GC heap after
{Heap after GC invocations=27 (full 0):
 garbage-first heap   total 66560K, used 33891K [0x00000000c9e00000, 0x0000000100000000)
  region size 1024K, 2 young (2048K), 2 survivors (2048K)
 Metaspace       used 79272K, committed 80064K, reserved 1179648K
  class space    used 10016K, committed 10368K, reserved 1048576K
}
Event: 771.387 GC heap before
{Heap before GC invocations=28 (full 0):
 garbage-first heap   total 66560K, used 58467K [0x00000000c9e00000, 0x0000000100000000)
  region size 1024K, 27 young (27648K), 2 survivors (2048K)
 Metaspace       used 79281K, committed 80064K, reserved 1179648K
  class space    used 10016K, committed 10368K, reserved 1048576K
}
Event: 771.392 GC heap after
{Heap after GC invocations=29 (full 0):
 garbage-first heap   total 66560K, used 33882K [0x00000000c9e00000, 0x0000000100000000)
  region size 1024K, 2 young (2048K), 2 survivors (2048K)
 Metaspace       used 79281K, committed 80064K, reserved 1179648K
  class space    used 10016K, committed 10368K, reserved 1048576K
}
Event: 779.174 GC heap before
{Heap before GC invocations=29 (full 0):
 garbage-first heap   total 66560K, used 58458K [0x00000000c9e00000, 0x0000000100000000)
  region size 1024K, 27 young (27648K), 2 survivors (2048K)
 Metaspace       used 79453K, committed 80192K, reserved 1179648K
  class space    used 10018K, committed 10368K, reserved 1048576K
}
Event: 779.214 GC heap after
{Heap after GC invocations=30 (full 0):
 garbage-first heap   total 66560K, used 33681K [0x00000000c9e00000, 0x0000000100000000)
  region size 1024K, 2 young (2048K), 2 survivors (2048K)
 Metaspace       used 79453K, committed 80192K, reserved 1179648K
  class space    used 10018K, committed 10368K, reserved 1048576K
}
Event: 781.612 GC heap before
{Heap before GC invocations=30 (full 0):
 garbage-first heap   total 66560K, used 58257K [0x00000000c9e00000, 0x0000000100000000)
  region size 1024K, 27 young (27648K), 2 survivors (2048K)
 Metaspace       used 79522K, committed 80256K, reserved 1179648K
  class space    used 10018K, committed 10368K, reserved 1048576K
}
Event: 781.619 GC heap after
{Heap after GC invocations=31 (full 0):
 garbage-first heap   total 66560K, used 33682K [0x00000000c9e00000, 0x0000000100000000)
  region size 1024K, 2 young (2048K), 2 survivors (2048K)
 Metaspace       used 79522K, committed 80256K, reserved 1179648K
  class space    used 10018K, committed 10368K, reserved 1048576K
}
Event: 783.212 GC heap before
{Heap before GC invocations=32 (full 0):
 garbage-first heap   total 66560K, used 58258K [0x00000000c9e00000, 0x0000000100000000)
  region size 1024K, 27 young (27648K), 2 survivors (2048K)
 Metaspace       used 79525K, committed 80256K, reserved 1179648K
  class space    used 10018K, committed 10368K, reserved 1048576K
}
Event: 783.218 GC heap after
{Heap after GC invocations=33 (full 0):
 garbage-first heap   total 66560K, used 33697K [0x00000000c9e00000, 0x0000000100000000)
  region size 1024K, 2 young (2048K), 2 survivors (2048K)
 Metaspace       used 79525K, committed 80256K, reserved 1179648K
  class space    used 10018K, committed 10368K, reserved 1048576K
}
Event: 784.541 GC heap before
{Heap before GC invocations=33 (full 0):
 garbage-first heap   total 66560K, used 58273K [0x00000000c9e00000, 0x0000000100000000)
  region size 1024K, 27 young (27648K), 2 survivors (2048K)
 Metaspace       used 79679K, committed 80448K, reserved 1179648K
  class space    used 10018K, committed 10368K, reserved 1048576K
}
Event: 784.553 GC heap after
{Heap after GC invocations=34 (full 0):
 garbage-first heap   total 66560K, used 33536K [0x00000000c9e00000, 0x0000000100000000)
  region size 1024K, 2 young (2048K), 2 survivors (2048K)
 Metaspace       used 79679K, committed 80448K, reserved 1179648K
  class space    used 10018K, committed 10368K, reserved 1048576K
}
Event: 786.174 GC heap before
{Heap before GC invocations=34 (full 0):
 garbage-first heap   total 66560K, used 59136K [0x00000000c9e00000, 0x0000000100000000)
  region size 1024K, 27 young (27648K), 2 survivors (2048K)
 Metaspace       used 79818K, committed 80576K, reserved 1179648K
  class space    used 10018K, committed 10368K, reserved 1048576K
}
Event: 786.181 GC heap after
{Heap after GC invocations=35 (full 0):
 garbage-first heap   total 66560K, used 33460K [0x00000000c9e00000, 0x0000000100000000)
  region size 1024K, 2 young (2048K), 2 survivors (2048K)
 Metaspace       used 79818K, committed 80576K, reserved 1179648K
  class space    used 10018K, committed 10368K, reserved 1048576K
}

